<?xml version="1.0" encoding="UTF-8"?>
<!-- Generated by org.testng.reporters.JUnitReportReporter -->
<testsuite skipped="0" hostname="amy-PC" name="com.amy.TestNGDemo.TestDemo3" tests="1" failures="0" timestamp="2020-07-11T20:17:02 CST" time="12.574" errors="0">
  <testcase name="testDriver" time="12.574" classname="com.amy.TestNGDemo.TestDemo3"/>
  <system-out/>
</testsuite> <!-- com.amy.TestNGDemo.TestDemo3 -->
