<?xml version="1.0" encoding="UTF-8"?>
<!-- Generated by org.testng.reporters.JUnitReportReporter -->
<testsuite skipped="0" hostname="amy-PC" name="com.amy.TestNGDemo.CalcTest" tests="3" failures="0" timestamp="2020-07-11T20:17:02 CST" time="0.005" errors="0">
  <testcase name="Test1" time="0.001" classname="com.amy.TestNGDemo.CalcTest"/>
  <system-out/>
  <testcase name="Test1" time="0.004" classname="com.amy.TestNGDemo.CalcTest"/>
  <system-out/>
  <testcase name="Test1" time="0.000" classname="com.amy.TestNGDemo.CalcTest"/>
  <system-out/>
</testsuite> <!-- com.amy.TestNGDemo.CalcTest -->
