<?xml version="1.0" encoding="UTF-8"?>
<!-- Generated by org.testng.reporters.JUnitReportReporter -->
<testsuite skipped="0" hostname="amy-PC" name="com.amy.TestNGDemo.FibonacciTest" tests="5" failures="0" timestamp="2020-07-11T20:17:02 CST" time="0.005" errors="0">
  <testcase name="testFibo_negative" time="0.001" classname="com.amy.TestNGDemo.FibonacciTest"/>
  <system-out/>
  <testcase name="testFibo" time="0.000" classname="com.amy.TestNGDemo.FibonacciTest"/>
  <system-out/>
  <testcase name="testFibo" time="0.001" classname="com.amy.TestNGDemo.FibonacciTest"/>
  <system-out/>
  <testcase name="testFibo" time="0.002" classname="com.amy.TestNGDemo.FibonacciTest"/>
  <system-out/>
  <testcase name="testFibo" time="0.001" classname="com.amy.TestNGDemo.FibonacciTest"/>
  <system-out/>
</testsuite> <!-- com.amy.TestNGDemo.FibonacciTest -->
